Flow report for small8
Thu Apr 16 02:48:13 2015
Quartus II Version 9.1 Build 222 10/21/2009 SJ Web Edition


---------------------
; Table of Contents ;
---------------------
  1. Legal Notice
  2. Flow Summary
  3. Flow Settings
  4. Flow Non-Default Global Settings
  5. Flow Elapsed Time
  6. Flow OS Summary
  7. Flow Log



----------------
; Legal Notice ;
----------------
Copyright (C) 1991-2009 Altera Corporation
Your use of Altera Corporation's design tools, logic functions 
and other software and tools, and its AMPP partner logic 
functions, and any output files from any of the foregoing 
(including device programming or simulation files), and any 
associated documentation or information are expressly subject 
to the terms and conditions of the Altera Program License 
Subscription Agreement, Altera MegaCore Function License 
Agreement, or other applicable license agreement, including, 
without limitation, that your use is for the sole purpose of 
programming logic devices manufactured by Altera and sold by 
Altera or its authorized distributors.  Please refer to the 
applicable agreement for further details.



+------------------------------------------------------------------------------+
; Flow Summary                                                                 ;
+------------------------------------+-----------------------------------------+
; Flow Status                        ; Successful - Thu Apr 16 02:48:13 2015   ;
; Quartus II Version                 ; 9.1 Build 222 10/21/2009 SJ Web Edition ;
; Revision Name                      ; small8                                  ;
; Top-level Entity Name              ; top_level_s8                            ;
; Family                             ; Cyclone III                             ;
; Device                             ; EP3C16F484C6                            ;
; Timing Models                      ; Final                                   ;
; Met timing requirements            ; N/A                                     ;
; Total logic elements               ; 585 / 15,408 ( 4 % )                    ;
;     Total combinational functions  ; 559 / 15,408 ( 4 % )                    ;
;     Dedicated logic registers      ; 260 / 15,408 ( 2 % )                    ;
; Total registers                    ; 260                                     ;
; Total pins                         ; 56 / 347 ( 16 % )                       ;
; Total virtual pins                 ; 0                                       ;
; Total memory bits                  ; 2,048 / 516,096 ( < 1 % )               ;
; Embedded Multiplier 9-bit elements ; 0 / 112 ( 0 % )                         ;
; Total PLLs                         ; 0 / 4 ( 0 % )                           ;
+------------------------------------+-----------------------------------------+


+-----------------------------------------+
; Flow Settings                           ;
+-------------------+---------------------+
; Option            ; Setting             ;
+-------------------+---------------------+
; Start date & time ; 04/16/2015 02:47:13 ;
; Main task         ; Compilation         ;
; Revision Name     ; small8              ;
+-------------------+---------------------+


+------------------------------------------------------------------------------------------------------------------------------------------------------------------------------+
; Flow Non-Default Global Settings                                                                                                                                             ;
+------------------------------------+-----------------------------------------------------------------------------------------+---------------+--------------+----------------+
; Assignment Name                    ; Value                                                                                   ; Default Value ; Entity Name  ; Section Id     ;
+------------------------------------+-----------------------------------------------------------------------------------------+---------------+--------------+----------------+
; COMPILER_SIGNATURE_ID              ; 92524715901842.142917763201468                                                          ; --            ; --           ; --             ;
; EDA_OUTPUT_DATA_FORMAT             ; Vhdl                                                                                    ; --            ; --           ; eda_simulation ;
; EDA_SIMULATION_TOOL                ; ModelSim-Altera (VHDL)                                                                  ; <None>        ; --           ; --             ;
; IP_TOOL_NAME                       ; RAM: 1-PORT                                                                             ; --            ; --           ; --             ;
; IP_TOOL_VERSION                    ; 9.1                                                                                     ; --            ; --           ; --             ;
; MAX_CORE_JUNCTION_TEMP             ; 85                                                                                      ; --            ; --           ; --             ;
; MIN_CORE_JUNCTION_TEMP             ; 0                                                                                       ; --            ; --           ; --             ;
; MISC_FILE                          ; ram.cmp                                                                                 ; --            ; --           ; --             ;
; MISC_FILE                          ; \\vmware-host\Shared Folders\hmiles23\OneDrive\EEL4712c\Labs\s8_final\small8\small8.dpf ; --            ; --           ; --             ;
; NOMINAL_CORE_SUPPLY_VOLTAGE        ; 1.2V                                                                                    ; --            ; --           ; --             ;
; PARTITION_COLOR                    ; 16764057                                                                                ; --            ; adder_top    ; Top            ;
; PARTITION_COLOR                    ; 16764057                                                                                ; --            ; alu_ns       ; Top            ;
; PARTITION_COLOR                    ; 16764057                                                                                ; --            ; top_level_s8 ; Top            ;
; PARTITION_NETLIST_TYPE             ; SOURCE                                                                                  ; --            ; adder_top    ; Top            ;
; PARTITION_NETLIST_TYPE             ; SOURCE                                                                                  ; --            ; alu_ns       ; Top            ;
; PARTITION_NETLIST_TYPE             ; SOURCE                                                                                  ; --            ; top_level_s8 ; Top            ;
; SEARCH_PATH                        ; alu/                                                                                    ; --            ; --           ; --             ;
; SEARCH_PATH                        ; controller/                                                                             ; --            ; --           ; --             ;
; SEARCH_PATH                        ; cpu/                                                                                    ; --            ; --           ; --             ;
; SEARCH_PATH                        ; ir/                                                                                     ; --            ; --           ; --             ;
; SEARCH_PATH                        ; pc_mar_ix/                                                                              ; --            ; --           ; --             ;
; SEARCH_PATH                        ; xdr_ydr/                                                                                ; --            ; --           ; --             ;
; TOP_LEVEL_ENTITY                   ; top_level_s8                                                                            ; small8        ; --           ; --             ;
; USE_GENERATED_PHYSICAL_CONSTRAINTS ; Off                                                                                     ; --            ; --           ; eda_blast_fpga ;
+------------------------------------+-----------------------------------------------------------------------------------------+---------------+--------------+----------------+


+-------------------------------------------------------------------------------------------------------------------------------+
; Flow Elapsed Time                                                                                                             ;
+---------------------------+--------------+-------------------------+---------------------+------------------------------------+
; Module Name               ; Elapsed Time ; Average Processors Used ; Peak Virtual Memory ; Total CPU Time (on all processors) ;
+---------------------------+--------------+-------------------------+---------------------+------------------------------------+
; Analysis & Synthesis      ; 00:00:21     ; 1.0                     ; 269 MB              ; 00:00:20                           ;
; Fitter                    ; 00:00:11     ; 1.0                     ; 279 MB              ; 00:00:10                           ;
; TimeQuest Timing Analyzer ; 00:00:14     ; 1.0                     ; 219 MB              ; 00:00:08                           ;
; Assembler                 ; 00:00:07     ; 1.0                     ; 226 MB              ; 00:00:03                           ;
; EDA Netlist Writer        ; 00:00:09     ; 1.0                     ; 191 MB              ; 00:00:09                           ;
; Total                     ; 00:00:55     ; --                      ; --                  ; 00:00:47                           ;
+---------------------------+--------------+-------------------------+---------------------+------------------------------------+


+--------------------------------------------------------------------------------------------+
; Flow OS Summary                                                                            ;
+---------------------------+------------------+---------------+------------+----------------+
; Module Name               ; Machine Hostname ; OS Name       ; OS Version ; Processor type ;
+---------------------------+------------------+---------------+------------+----------------+
; Analysis & Synthesis      ; WIN-GEEDE4B28AJ  ; Windows Vista ; 6.2        ; x86_64         ;
; Fitter                    ; WIN-GEEDE4B28AJ  ; Windows Vista ; 6.2        ; x86_64         ;
; Assembler                 ; WIN-GEEDE4B28AJ  ; Windows Vista ; 6.2        ; x86_64         ;
; TimeQuest Timing Analyzer ; WIN-GEEDE4B28AJ  ; Windows Vista ; 6.2        ; x86_64         ;
; EDA Netlist Writer        ; WIN-GEEDE4B28AJ  ; Windows Vista ; 6.2        ; x86_64         ;
+---------------------------+------------------+---------------+------------+----------------+


------------
; Flow Log ;
------------
quartus_map --read_settings_files=on --write_settings_files=off small8 -c small8
quartus_fit --read_settings_files=off --write_settings_files=off small8 -c small8
quartus_asm --read_settings_files=off --write_settings_files=off small8 -c small8
quartus_sta small8 -c small8
quartus_eda --read_settings_files=off --write_settings_files=off small8 -c small8



