TimeQuest Timing Analyzer report for small8
Wed Apr 15 12:57:29 2015
Quartus II Version 9.1 Build 222 10/21/2009 SJ Web Edition


---------------------
; Table of Contents ;
---------------------
  1. Legal Notice
  2. TimeQuest Timing Analyzer Summary
  3. Clocks
  4. Slow 1200mV 85C Model Fmax Summary
  5. Slow 1200mV 85C Model Setup Summary
  6. Slow 1200mV 85C Model Hold Summary
  7. Slow 1200mV 85C Model Recovery Summary
  8. Slow 1200mV 85C Model Removal Summary
  9. Slow 1200mV 85C Model Minimum Pulse Width Summary
 10. Slow 1200mV 85C Model Datasheet Report
 11. Slow 1200mV 85C Model Metastability Report
 12. Slow 1200mV 0C Model Fmax Summary
 13. Slow 1200mV 0C Model Setup Summary
 14. Slow 1200mV 0C Model Hold Summary
 15. Slow 1200mV 0C Model Recovery Summary
 16. Slow 1200mV 0C Model Removal Summary
 17. Slow 1200mV 0C Model Minimum Pulse Width Summary
 18. Slow 1200mV 0C Model Datasheet Report
 19. Slow 1200mV 0C Model Metastability Report
 20. Fast 1200mV 0C Model Setup Summary
 21. Fast 1200mV 0C Model Hold Summary
 22. Fast 1200mV 0C Model Recovery Summary
 23. Fast 1200mV 0C Model Removal Summary
 24. Fast 1200mV 0C Model Minimum Pulse Width Summary
 25. Fast 1200mV 0C Model Datasheet Report
 26. Fast 1200mV 0C Model Metastability Report
 27. Multicorner Timing Analysis Summary
 28. Board Trace Model Assignments
 29. Input Transition Times
 30. Slow Corner Signal Integrity Metrics
 31. Fast Corner Signal Integrity Metrics
 32. Clock Transfers
 33. Report TCCS
 34. Report RSKM
 35. Unconstrained Paths
 36. TimeQuest Timing Analyzer Messages



----------------
; Legal Notice ;
----------------
Copyright (C) 1991-2009 Altera Corporation
Your use of Altera Corporation's design tools, logic functions 
and other software and tools, and its AMPP partner logic 
functions, and any output files from any of the foregoing 
(including device programming or simulation files), and any 
associated documentation or information are expressly subject 
to the terms and conditions of the Altera Program License 
Subscription Agreement, Altera MegaCore Function License 
Agreement, or other applicable license agreement, including, 
without limitation, that your use is for the sole purpose of 
programming logic devices manufactured by Altera and sold by 
Altera or its authorized distributors.  Please refer to the 
applicable agreement for further details.



+----------------------------------------------------------------------+
; TimeQuest Timing Analyzer Summary                                    ;
+--------------------+-------------------------------------------------+
; Quartus II Version ; Version 9.1 Build 222 10/21/2009 SJ Web Edition ;
; Revision Name      ; small8                                          ;
; Device Family      ; Cyclone III                                     ;
; Device Name        ; EP3C16F484C6                                    ;
; Timing Models      ; Final                                           ;
; Delay Model        ; Combined                                        ;
; Rise/Fall Delays   ; Enabled                                         ;
+--------------------+-------------------------------------------------+


----------
; Clocks ;
----------
No clocks to report.


--------------------------------------
; Slow 1200mV 85C Model Fmax Summary ;
--------------------------------------
No paths to report.


---------------------------------------
; Slow 1200mV 85C Model Setup Summary ;
---------------------------------------
No paths to report.


--------------------------------------
; Slow 1200mV 85C Model Hold Summary ;
--------------------------------------
No paths to report.


------------------------------------------
; Slow 1200mV 85C Model Recovery Summary ;
------------------------------------------
No paths to report.


-----------------------------------------
; Slow 1200mV 85C Model Removal Summary ;
-----------------------------------------
No paths to report.


-----------------------------------------------------
; Slow 1200mV 85C Model Minimum Pulse Width Summary ;
-----------------------------------------------------
No paths to report.


------------------------------------------
; Slow 1200mV 85C Model Datasheet Report ;
------------------------------------------
Nothing to report.


----------------------------------------------
; Slow 1200mV 85C Model Metastability Report ;
----------------------------------------------
No synchronizer chains to report.


-------------------------------------
; Slow 1200mV 0C Model Fmax Summary ;
-------------------------------------
No paths to report.


--------------------------------------
; Slow 1200mV 0C Model Setup Summary ;
--------------------------------------
No paths to report.


-------------------------------------
; Slow 1200mV 0C Model Hold Summary ;
-------------------------------------
No paths to report.


-----------------------------------------
; Slow 1200mV 0C Model Recovery Summary ;
-----------------------------------------
No paths to report.


----------------------------------------
; Slow 1200mV 0C Model Removal Summary ;
----------------------------------------
No paths to report.


----------------------------------------------------
; Slow 1200mV 0C Model Minimum Pulse Width Summary ;
----------------------------------------------------
No paths to report.


-----------------------------------------
; Slow 1200mV 0C Model Datasheet Report ;
-----------------------------------------
Nothing to report.


---------------------------------------------
; Slow 1200mV 0C Model Metastability Report ;
---------------------------------------------
No synchronizer chains to report.


--------------------------------------
; Fast 1200mV 0C Model Setup Summary ;
--------------------------------------
No paths to report.


-------------------------------------
; Fast 1200mV 0C Model Hold Summary ;
-------------------------------------
No paths to report.


-----------------------------------------
; Fast 1200mV 0C Model Recovery Summary ;
-----------------------------------------
No paths to report.


----------------------------------------
; Fast 1200mV 0C Model Removal Summary ;
----------------------------------------
No paths to report.


----------------------------------------------------
; Fast 1200mV 0C Model Minimum Pulse Width Summary ;
----------------------------------------------------
No paths to report.


-----------------------------------------
; Fast 1200mV 0C Model Datasheet Report ;
-----------------------------------------
Nothing to report.


---------------------------------------------
; Fast 1200mV 0C Model Metastability Report ;
---------------------------------------------
No synchronizer chains to report.


+----------------------------------------------------------------------------+
; Multicorner Timing Analysis Summary                                        ;
+------------------+-------+------+----------+---------+---------------------+
; Clock            ; Setup ; Hold ; Recovery ; Removal ; Minimum Pulse Width ;
+------------------+-------+------+----------+---------+---------------------+
; Worst-case Slack ; N/A   ; N/A  ; N/A      ; N/A     ; N/A                 ;
; Design-wide TNS  ; 0.0   ; 0.0  ; 0.0      ; 0.0     ; 0.0                 ;
+------------------+-------+------+----------+---------+---------------------+


+------------------------------------------------------------------------------------------------------------------------------------------------------------------------------------------------------------------------------------------------------------------------------------------------------------------------------------------------------------------+
; Board Trace Model Assignments                                                                                                                                                                                                                                                                                                                                    ;
+---------------+--------------+-------------------+-------------------------+-------------------------+---------------+---------------------+----------------+------------------+--------+------------------+------------------------+------------------------+--------------+---------------+-----------------+-------+---------------------+--------------------+
; Pin           ; I/O Standard ; Near Tline Length ; Near Tline L per Length ; Near Tline C per Length ; Near Series R ; Near Differential R ; Near Pull-up R ; Near Pull-down R ; Near C ; Far Tline Length ; Far Tline L per Length ; Far Tline C per Length ; Far Series R ; Far Pull-up R ; Far Pull-down R ; Far C ; Termination Voltage ; Far Differential R ;
+---------------+--------------+-------------------+-------------------------+-------------------------+---------------+---------------------+----------------+------------------+--------+------------------+------------------------+------------------------+--------------+---------------+-----------------+-------+---------------------+--------------------+
; led0[0]       ; 2.5 V        ; 0 in              ; 0 H/in                  ; 0 F/in                  ; short         ; -                   ; open           ; open             ; open   ; 0 in             ; 0 H/in                 ; 0 F/in                 ; short        ; open          ; open            ; open  ; 0 V                 ; -                  ;
; led0[1]       ; 2.5 V        ; 0 in              ; 0 H/in                  ; 0 F/in                  ; short         ; -                   ; open           ; open             ; open   ; 0 in             ; 0 H/in                 ; 0 F/in                 ; short        ; open          ; open            ; open  ; 0 V                 ; -                  ;
; led0[2]       ; 2.5 V        ; 0 in              ; 0 H/in                  ; 0 F/in                  ; short         ; -                   ; open           ; open             ; open   ; 0 in             ; 0 H/in                 ; 0 F/in                 ; short        ; open          ; open            ; open  ; 0 V                 ; -                  ;
; led0[3]       ; 2.5 V        ; 0 in              ; 0 H/in                  ; 0 F/in                  ; short         ; -                   ; open           ; open             ; open   ; 0 in             ; 0 H/in                 ; 0 F/in                 ; short        ; open          ; open            ; open  ; 0 V                 ; -                  ;
; led0[4]       ; 2.5 V        ; 0 in              ; 0 H/in                  ; 0 F/in                  ; short         ; -                   ; open           ; open             ; open   ; 0 in             ; 0 H/in                 ; 0 F/in                 ; short        ; open          ; open            ; open  ; 0 V                 ; -                  ;
; led0[5]       ; 2.5 V        ; 0 in              ; 0 H/in                  ; 0 F/in                  ; short         ; -                   ; open           ; open             ; open   ; 0 in             ; 0 H/in                 ; 0 F/in                 ; short        ; open          ; open            ; open  ; 0 V                 ; -                  ;
; led0[6]       ; 2.5 V        ; 0 in              ; 0 H/in                  ; 0 F/in                  ; short         ; -                   ; open           ; open             ; open   ; 0 in             ; 0 H/in                 ; 0 F/in                 ; short        ; open          ; open            ; open  ; 0 V                 ; -                  ;
; led0_dp       ; 2.5 V        ; 0 in              ; 0 H/in                  ; 0 F/in                  ; short         ; -                   ; open           ; open             ; open   ; 0 in             ; 0 H/in                 ; 0 F/in                 ; short        ; open          ; open            ; open  ; 0 V                 ; -                  ;
; led1[0]       ; 2.5 V        ; 0 in              ; 0 H/in                  ; 0 F/in                  ; short         ; -                   ; open           ; open             ; open   ; 0 in             ; 0 H/in                 ; 0 F/in                 ; short        ; open          ; open            ; open  ; 0 V                 ; -                  ;
; led1[1]       ; 2.5 V        ; 0 in              ; 0 H/in                  ; 0 F/in                  ; short         ; -                   ; open           ; open             ; open   ; 0 in             ; 0 H/in                 ; 0 F/in                 ; short        ; open          ; open            ; open  ; 0 V                 ; -                  ;
; led1[2]       ; 2.5 V        ; 0 in              ; 0 H/in                  ; 0 F/in                  ; short         ; -                   ; open           ; open             ; open   ; 0 in             ; 0 H/in                 ; 0 F/in                 ; short        ; open          ; open            ; open  ; 0 V                 ; -                  ;
; led1[3]       ; 2.5 V        ; 0 in              ; 0 H/in                  ; 0 F/in                  ; short         ; -                   ; open           ; open             ; open   ; 0 in             ; 0 H/in                 ; 0 F/in                 ; short        ; open          ; open            ; open  ; 0 V                 ; -                  ;
; led1[4]       ; 2.5 V        ; 0 in              ; 0 H/in                  ; 0 F/in                  ; short         ; -                   ; open           ; open             ; open   ; 0 in             ; 0 H/in                 ; 0 F/in                 ; short        ; open          ; open            ; open  ; 0 V                 ; -                  ;
; led1[5]       ; 2.5 V        ; 0 in              ; 0 H/in                  ; 0 F/in                  ; short         ; -                   ; open           ; open             ; open   ; 0 in             ; 0 H/in                 ; 0 F/in                 ; short        ; open          ; open            ; open  ; 0 V                 ; -                  ;
; led1[6]       ; 2.5 V        ; 0 in              ; 0 H/in                  ; 0 F/in                  ; short         ; -                   ; open           ; open             ; open   ; 0 in             ; 0 H/in                 ; 0 F/in                 ; short        ; open          ; open            ; open  ; 0 V                 ; -                  ;
; led1_dp       ; 2.5 V        ; 0 in              ; 0 H/in                  ; 0 F/in                  ; short         ; -                   ; open           ; open             ; open   ; 0 in             ; 0 H/in                 ; 0 F/in                 ; short        ; open          ; open            ; open  ; 0 V                 ; -                  ;
; led2[0]       ; 2.5 V        ; 0 in              ; 0 H/in                  ; 0 F/in                  ; short         ; -                   ; open           ; open             ; open   ; 0 in             ; 0 H/in                 ; 0 F/in                 ; short        ; open          ; open            ; open  ; 0 V                 ; -                  ;
; led2[1]       ; 2.5 V        ; 0 in              ; 0 H/in                  ; 0 F/in                  ; short         ; -                   ; open           ; open             ; open   ; 0 in             ; 0 H/in                 ; 0 F/in                 ; short        ; open          ; open            ; open  ; 0 V                 ; -                  ;
; led2[2]       ; 2.5 V        ; 0 in              ; 0 H/in                  ; 0 F/in                  ; short         ; -                   ; open           ; open             ; open   ; 0 in             ; 0 H/in                 ; 0 F/in                 ; short        ; open          ; open            ; open  ; 0 V                 ; -                  ;
; led2[3]       ; 2.5 V        ; 0 in              ; 0 H/in                  ; 0 F/in                  ; short         ; -                   ; open           ; open             ; open   ; 0 in             ; 0 H/in                 ; 0 F/in                 ; short        ; open          ; open            ; open  ; 0 V                 ; -                  ;
; led2[4]       ; 2.5 V        ; 0 in              ; 0 H/in                  ; 0 F/in                  ; short         ; -                   ; open           ; open             ; open   ; 0 in             ; 0 H/in                 ; 0 F/in                 ; short        ; open          ; open            ; open  ; 0 V                 ; -                  ;
; led2[5]       ; 2.5 V        ; 0 in              ; 0 H/in                  ; 0 F/in                  ; short         ; -                   ; open           ; open             ; open   ; 0 in             ; 0 H/in                 ; 0 F/in                 ; short        ; open          ; open            ; open  ; 0 V                 ; -                  ;
; led2[6]       ; 2.5 V        ; 0 in              ; 0 H/in                  ; 0 F/in                  ; short         ; -                   ; open           ; open             ; open   ; 0 in             ; 0 H/in                 ; 0 F/in                 ; short        ; open          ; open            ; open  ; 0 V                 ; -                  ;
; led2_dp       ; 2.5 V        ; 0 in              ; 0 H/in                  ; 0 F/in                  ; short         ; -                   ; open           ; open             ; open   ; 0 in             ; 0 H/in                 ; 0 F/in                 ; short        ; open          ; open            ; open  ; 0 V                 ; -                  ;
; led3[0]       ; 2.5 V        ; 0 in              ; 0 H/in                  ; 0 F/in                  ; short         ; -                   ; open           ; open             ; open   ; 0 in             ; 0 H/in                 ; 0 F/in                 ; short        ; open          ; open            ; open  ; 0 V                 ; -                  ;
; led3[1]       ; 2.5 V        ; 0 in              ; 0 H/in                  ; 0 F/in                  ; short         ; -                   ; open           ; open             ; open   ; 0 in             ; 0 H/in                 ; 0 F/in                 ; short        ; open          ; open            ; open  ; 0 V                 ; -                  ;
; led3[2]       ; 2.5 V        ; 0 in              ; 0 H/in                  ; 0 F/in                  ; short         ; -                   ; open           ; open             ; open   ; 0 in             ; 0 H/in                 ; 0 F/in                 ; short        ; open          ; open            ; open  ; 0 V                 ; -                  ;
; led3[3]       ; 2.5 V        ; 0 in              ; 0 H/in                  ; 0 F/in                  ; short         ; -                   ; open           ; open             ; open   ; 0 in             ; 0 H/in                 ; 0 F/in                 ; short        ; open          ; open            ; open  ; 0 V                 ; -                  ;
; led3[4]       ; 2.5 V        ; 0 in              ; 0 H/in                  ; 0 F/in                  ; short         ; -                   ; open           ; open             ; open   ; 0 in             ; 0 H/in                 ; 0 F/in                 ; short        ; open          ; open            ; open  ; 0 V                 ; -                  ;
; led3[5]       ; 2.5 V        ; 0 in              ; 0 H/in                  ; 0 F/in                  ; short         ; -                   ; open           ; open             ; open   ; 0 in             ; 0 H/in                 ; 0 F/in                 ; short        ; open          ; open            ; open  ; 0 V                 ; -                  ;
; led3[6]       ; 2.5 V        ; 0 in              ; 0 H/in                  ; 0 F/in                  ; short         ; -                   ; open           ; open             ; open   ; 0 in             ; 0 H/in                 ; 0 F/in                 ; short        ; open          ; open            ; open  ; 0 V                 ; -                  ;
; led3_dp       ; 2.5 V        ; 0 in              ; 0 H/in                  ; 0 F/in                  ; short         ; -                   ; open           ; open             ; open   ; 0 in             ; 0 H/in                 ; 0 F/in                 ; short        ; open          ; open            ; open  ; 0 V                 ; -                  ;
; ~ALTERA_DCLK~ ; 2.5 V        ; 0 in              ; 0 H/in                  ; 0 F/in                  ; short         ; -                   ; open           ; open             ; open   ; 0 in             ; 0 H/in                 ; 0 F/in                 ; short        ; open          ; open            ; open  ; 0 V                 ; -                  ;
; ~ALTERA_nCEO~ ; 2.5 V        ; 0 in              ; 0 H/in                  ; 0 F/in                  ; short         ; -                   ; open           ; open             ; open   ; 0 in             ; 0 H/in                 ; 0 F/in                 ; short        ; open          ; open            ; open  ; 0 V                 ; -                  ;
+---------------+--------------+-------------------+-------------------------+-------------------------+---------------+---------------------+----------------+------------------+--------+------------------+------------------------+------------------------+--------------+---------------+-----------------+-------+---------------------+--------------------+


+----------------------------------------------------------------------------+
; Input Transition Times                                                     ;
+-------------------------+--------------+-----------------+-----------------+
; Pin                     ; I/O Standard ; 10-90 Rise Time ; 90-10 Fall Time ;
+-------------------------+--------------+-----------------+-----------------+
; switch[0]               ; 2.5 V        ; 2000 ps         ; 2000 ps         ;
; switch[1]               ; 2.5 V        ; 2000 ps         ; 2000 ps         ;
; switch[2]               ; 2.5 V        ; 2000 ps         ; 2000 ps         ;
; switch[3]               ; 2.5 V        ; 2000 ps         ; 2000 ps         ;
; switch[4]               ; 2.5 V        ; 2000 ps         ; 2000 ps         ;
; switch[5]               ; 2.5 V        ; 2000 ps         ; 2000 ps         ;
; switch[6]               ; 2.5 V        ; 2000 ps         ; 2000 ps         ;
; switch[7]               ; 2.5 V        ; 2000 ps         ; 2000 ps         ;
; switch[8]               ; 2.5 V        ; 2000 ps         ; 2000 ps         ;
; switch[9]               ; 2.5 V        ; 2000 ps         ; 2000 ps         ;
; button[1]               ; 2.5 V        ; 2000 ps         ; 2000 ps         ;
; button[2]               ; 2.5 V        ; 2000 ps         ; 2000 ps         ;
; clk                     ; 2.5 V        ; 2000 ps         ; 2000 ps         ;
; button[0]               ; 2.5 V        ; 2000 ps         ; 2000 ps         ;
; ~ALTERA_ASDO_DATA1~     ; 2.5 V        ; 2000 ps         ; 2000 ps         ;
; ~ALTERA_FLASH_nCE_nCSO~ ; 2.5 V        ; 2000 ps         ; 2000 ps         ;
; ~ALTERA_DATA0~          ; 2.5 V        ; 2000 ps         ; 2000 ps         ;
+-------------------------+--------------+-----------------+-----------------+


+--------------------------------------------------------------------------------------------------------------------------------------------------------------------------------------------------------------------------------------------------------------------------------------------------------------------------------------------------------------------------------------------------------------------------------------------------------------------------------------------------------------------------------------------------------------------------------------------------------------------------------------------------------------------------------------------+
; Slow Corner Signal Integrity Metrics                                                                                                                                                                                                                                                                                                                                                                                                                                                                                                                                                                                                                                                       ;
+---------------+--------------+---------------------+---------------------+------------------------------+------------------------------+---------------------+---------------------+--------------------------------------+--------------------------------------+-----------------------------+-----------------------------+----------------------------+----------------------------+-----------------------------+-----------------------------+--------------------+--------------------+-------------------------------------+-------------------------------------+----------------------------+----------------------------+---------------------------+---------------------------+
; Pin           ; I/O Standard ; Board Delay on Rise ; Board Delay on Fall ; Steady State Voh at FPGA Pin ; Steady State Vol at FPGA Pin ; Voh Max at FPGA Pin ; Vol Min at FPGA Pin ; Ringback Voltage on Rise at FPGA Pin ; Ringback Voltage on Fall at FPGA Pin ; 10-90 Rise Time at FPGA Pin ; 90-10 Fall Time at FPGA Pin ; Monotonic Rise at FPGA Pin ; Monotonic Fall at FPGA Pin ; Steady State Voh at Far-end ; Steady State Vol at Far-end ; Voh Max at Far-end ; Vol Min at Far-end ; Ringback Voltage on Rise at Far-end ; Ringback Voltage on Fall at Far-end ; 10-90 Rise Time at Far-end ; 90-10 Fall Time at Far-end ; Monotonic Rise at Far-end ; Monotonic Fall at Far-end ;
+---------------+--------------+---------------------+---------------------+------------------------------+------------------------------+---------------------+---------------------+--------------------------------------+--------------------------------------+-----------------------------+-----------------------------+----------------------------+----------------------------+-----------------------------+-----------------------------+--------------------+--------------------+-------------------------------------+-------------------------------------+----------------------------+----------------------------+---------------------------+---------------------------+
; led0[0]       ; 2.5 V        ; 0 s                 ; 0 s                 ; 2.32 V                       ; 1.08e-006 V                  ; 2.36 V              ; -0.0106 V           ; 0.122 V                              ; 0.021 V                              ; 4.5e-010 s                  ; 4.45e-010 s                 ; Yes                        ; Yes                        ; 2.32 V                      ; 1.08e-006 V                 ; 2.36 V             ; -0.0106 V          ; 0.122 V                             ; 0.021 V                             ; 4.5e-010 s                 ; 4.45e-010 s                ; Yes                       ; Yes                       ;
; led0[1]       ; 2.5 V        ; 0 s                 ; 0 s                 ; 2.32 V                       ; 1.08e-006 V                  ; 2.36 V              ; -0.0106 V           ; 0.122 V                              ; 0.021 V                              ; 4.5e-010 s                  ; 4.45e-010 s                 ; Yes                        ; Yes                        ; 2.32 V                      ; 1.08e-006 V                 ; 2.36 V             ; -0.0106 V          ; 0.122 V                             ; 0.021 V                             ; 4.5e-010 s                 ; 4.45e-010 s                ; Yes                       ; Yes                       ;
; led0[2]       ; 2.5 V        ; 0 s                 ; 0 s                 ; 2.32 V                       ; 1.08e-006 V                  ; 2.36 V              ; -0.0106 V           ; 0.122 V                              ; 0.021 V                              ; 4.5e-010 s                  ; 4.45e-010 s                 ; Yes                        ; Yes                        ; 2.32 V                      ; 1.08e-006 V                 ; 2.36 V             ; -0.0106 V          ; 0.122 V                             ; 0.021 V                             ; 4.5e-010 s                 ; 4.45e-010 s                ; Yes                       ; Yes                       ;
; led0[3]       ; 2.5 V        ; 0 s                 ; 0 s                 ; 2.32 V                       ; 1.08e-006 V                  ; 2.36 V              ; -0.0106 V           ; 0.122 V                              ; 0.021 V                              ; 4.5e-010 s                  ; 4.45e-010 s                 ; Yes                        ; Yes                        ; 2.32 V                      ; 1.08e-006 V                 ; 2.36 V             ; -0.0106 V          ; 0.122 V                             ; 0.021 V                             ; 4.5e-010 s                 ; 4.45e-010 s                ; Yes                       ; Yes                       ;
; led0[4]       ; 2.5 V        ; 0 s                 ; 0 s                 ; 2.32 V                       ; 1.08e-006 V                  ; 2.36 V              ; -0.0106 V           ; 0.122 V                              ; 0.021 V                              ; 4.5e-010 s                  ; 4.45e-010 s                 ; Yes                        ; Yes                        ; 2.32 V                      ; 1.08e-006 V                 ; 2.36 V             ; -0.0106 V          ; 0.122 V                             ; 0.021 V                             ; 4.5e-010 s                 ; 4.45e-010 s                ; Yes                       ; Yes                       ;
; led0[5]       ; 2.5 V        ; 0 s                 ; 0 s                 ; 2.32 V                       ; 1.08e-006 V                  ; 2.36 V              ; -0.0106 V           ; 0.122 V                              ; 0.021 V                              ; 4.5e-010 s                  ; 4.45e-010 s                 ; Yes                        ; Yes                        ; 2.32 V                      ; 1.08e-006 V                 ; 2.36 V             ; -0.0106 V          ; 0.122 V                             ; 0.021 V                             ; 4.5e-010 s                 ; 4.45e-010 s                ; Yes                       ; Yes                       ;
; led0[6]       ; 2.5 V        ; 0 s                 ; 0 s                 ; 2.32 V                       ; 1.08e-006 V                  ; 2.36 V              ; -0.0106 V           ; 0.122 V                              ; 0.021 V                              ; 4.5e-010 s                  ; 4.45e-010 s                 ; Yes                        ; Yes                        ; 2.32 V                      ; 1.08e-006 V                 ; 2.36 V             ; -0.0106 V          ; 0.122 V                             ; 0.021 V                             ; 4.5e-010 s                 ; 4.45e-010 s                ; Yes                       ; Yes                       ;
; led0_dp       ; 2.5 V        ; 0 s                 ; 0 s                 ; 2.32 V                       ; 1.08e-006 V                  ; 2.36 V              ; -0.0106 V           ; 0.122 V                              ; 0.021 V                              ; 4.5e-010 s                  ; 4.45e-010 s                 ; Yes                        ; Yes                        ; 2.32 V                      ; 1.08e-006 V                 ; 2.36 V             ; -0.0106 V          ; 0.122 V                             ; 0.021 V                             ; 4.5e-010 s                 ; 4.45e-010 s                ; Yes                       ; Yes                       ;
; led1[0]       ; 2.5 V        ; 0 s                 ; 0 s                 ; 2.32 V                       ; 1.08e-006 V                  ; 2.36 V              ; -0.0106 V           ; 0.122 V                              ; 0.021 V                              ; 4.5e-010 s                  ; 4.45e-010 s                 ; Yes                        ; Yes                        ; 2.32 V                      ; 1.08e-006 V                 ; 2.36 V             ; -0.0106 V          ; 0.122 V                             ; 0.021 V                             ; 4.5e-010 s                 ; 4.45e-010 s                ; Yes                       ; Yes                       ;
; led1[1]       ; 2.5 V        ; 0 s                 ; 0 s                 ; 2.32 V                       ; 1.08e-006 V                  ; 2.36 V              ; -0.0106 V           ; 0.122 V                              ; 0.021 V                              ; 4.5e-010 s                  ; 4.45e-010 s                 ; Yes                        ; Yes                        ; 2.32 V                      ; 1.08e-006 V                 ; 2.36 V             ; -0.0106 V          ; 0.122 V                             ; 0.021 V                             ; 4.5e-010 s                 ; 4.45e-010 s                ; Yes                       ; Yes                       ;
; led1[2]       ; 2.5 V        ; 0 s                 ; 0 s                 ; 2.32 V                       ; 1.08e-006 V                  ; 2.36 V              ; -0.0106 V           ; 0.122 V                              ; 0.021 V                              ; 4.5e-010 s                  ; 4.45e-010 s                 ; Yes                        ; Yes                        ; 2.32 V                      ; 1.08e-006 V                 ; 2.36 V             ; -0.0106 V          ; 0.122 V                             ; 0.021 V                             ; 4.5e-010 s                 ; 4.45e-010 s                ; Yes                       ; Yes                       ;
; led1[3]       ; 2.5 V        ; 0 s                 ; 0 s                 ; 2.32 V                       ; 1.08e-006 V                  ; 2.36 V              ; -0.0106 V           ; 0.122 V                              ; 0.021 V                              ; 4.5e-010 s                  ; 4.45e-010 s                 ; Yes                        ; Yes                        ; 2.32 V                      ; 1.08e-006 V                 ; 2.36 V             ; -0.0106 V          ; 0.122 V                             ; 0.021 V                             ; 4.5e-010 s                 ; 4.45e-010 s                ; Yes                       ; Yes                       ;
; led1[4]       ; 2.5 V        ; 0 s                 ; 0 s                 ; 2.32 V                       ; 1.08e-006 V                  ; 2.36 V              ; -0.0106 V           ; 0.122 V                              ; 0.021 V                              ; 4.5e-010 s                  ; 4.45e-010 s                 ; Yes                        ; Yes                        ; 2.32 V                      ; 1.08e-006 V                 ; 2.36 V             ; -0.0106 V          ; 0.122 V                             ; 0.021 V                             ; 4.5e-010 s                 ; 4.45e-010 s                ; Yes                       ; Yes                       ;
; led1[5]       ; 2.5 V        ; 0 s                 ; 0 s                 ; 2.32 V                       ; 1.08e-006 V                  ; 2.36 V              ; -0.0106 V           ; 0.122 V                              ; 0.021 V                              ; 4.5e-010 s                  ; 4.45e-010 s                 ; Yes                        ; Yes                        ; 2.32 V                      ; 1.08e-006 V                 ; 2.36 V             ; -0.0106 V          ; 0.122 V                             ; 0.021 V                             ; 4.5e-010 s                 ; 4.45e-010 s                ; Yes                       ; Yes                       ;
; led1[6]       ; 2.5 V        ; 0 s                 ; 0 s                 ; 2.32 V                       ; 1.08e-006 V                  ; 2.36 V              ; -0.0106 V           ; 0.122 V                              ; 0.021 V                              ; 4.5e-010 s                  ; 4.45e-010 s                 ; Yes                        ; Yes                        ; 2.32 V                      ; 1.08e-006 V                 ; 2.36 V             ; -0.0106 V          ; 0.122 V                             ; 0.021 V                             ; 4.5e-010 s                 ; 4.45e-010 s                ; Yes                       ; Yes                       ;
; led1_dp       ; 2.5 V        ; 0 s                 ; 0 s                 ; 2.32 V                       ; 1.08e-006 V                  ; 2.36 V              ; -0.0106 V           ; 0.122 V                              ; 0.021 V                              ; 4.5e-010 s                  ; 4.45e-010 s                 ; Yes                        ; Yes                        ; 2.32 V                      ; 1.08e-006 V                 ; 2.36 V             ; -0.0106 V          ; 0.122 V                             ; 0.021 V                             ; 4.5e-010 s                 ; 4.45e-010 s                ; Yes                       ; Yes                       ;
; led2[0]       ; 2.5 V        ; 0 s                 ; 0 s                 ; 2.32 V                       ; 1.08e-006 V                  ; 2.36 V              ; -0.0106 V           ; 0.122 V                              ; 0.021 V                              ; 4.5e-010 s                  ; 4.45e-010 s                 ; Yes                        ; Yes                        ; 2.32 V                      ; 1.08e-006 V                 ; 2.36 V             ; -0.0106 V          ; 0.122 V                             ; 0.021 V                             ; 4.5e-010 s                 ; 4.45e-010 s                ; Yes                       ; Yes                       ;
; led2[1]       ; 2.5 V        ; 0 s                 ; 0 s                 ; 2.32 V                       ; 1.08e-006 V                  ; 2.36 V              ; -0.0106 V           ; 0.122 V                              ; 0.021 V                              ; 4.5e-010 s                  ; 4.45e-010 s                 ; Yes                        ; Yes                        ; 2.32 V                      ; 1.08e-006 V                 ; 2.36 V             ; -0.0106 V          ; 0.122 V                             ; 0.021 V                             ; 4.5e-010 s                 ; 4.45e-010 s                ; Yes                       ; Yes                       ;
; led2[2]       ; 2.5 V        ; 0 s                 ; 0 s                 ; 2.32 V                       ; 1.08e-006 V                  ; 2.36 V              ; -0.0106 V           ; 0.122 V                              ; 0.021 V                              ; 4.5e-010 s                  ; 4.45e-010 s                 ; Yes                        ; Yes                        ; 2.32 V                      ; 1.08e-006 V                 ; 2.36 V             ; -0.0106 V          ; 0.122 V                             ; 0.021 V                             ; 4.5e-010 s                 ; 4.45e-010 s                ; Yes                       ; Yes                       ;
; led2[3]       ; 2.5 V        ; 0 s                 ; 0 s                 ; 2.32 V                       ; 1.08e-006 V                  ; 2.36 V              ; -0.0106 V           ; 0.122 V                              ; 0.021 V                              ; 4.5e-010 s                  ; 4.45e-010 s                 ; Yes                        ; Yes                        ; 2.32 V                      ; 1.08e-006 V                 ; 2.36 V             ; -0.0106 V          ; 0.122 V                             ; 0.021 V                             ; 4.5e-010 s                 ; 4.45e-010 s                ; Yes                       ; Yes                       ;
; led2[4]       ; 2.5 V        ; 0 s                 ; 0 s                 ; 2.32 V                       ; 1.08e-006 V                  ; 2.36 V              ; -0.0106 V           ; 0.122 V                              ; 0.021 V                              ; 4.5e-010 s                  ; 4.45e-010 s                 ; Yes                        ; Yes                        ; 2.32 V                      ; 1.08e-006 V                 ; 2.36 V             ; -0.0106 V          ; 0.122 V                             ; 0.021 V                             ; 4.5e-010 s                 ; 4.45e-010 s                ; Yes                       ; Yes                       ;
; led2[5]       ; 2.5 V        ; 0 s                 ; 0 s                 ; 2.32 V                       ; 1.08e-006 V                  ; 2.36 V              ; -0.0106 V           ; 0.122 V                              ; 0.021 V                              ; 4.5e-010 s                  ; 4.45e-010 s                 ; Yes                        ; Yes                        ; 2.32 V                      ; 1.08e-006 V                 ; 2.36 V             ; -0.0106 V          ; 0.122 V                             ; 0.021 V                             ; 4.5e-010 s                 ; 4.45e-010 s                ; Yes                       ; Yes                       ;
; led2[6]       ; 2.5 V        ; 0 s                 ; 0 s                 ; 2.32 V                       ; 1.08e-006 V                  ; 2.36 V              ; -0.0106 V           ; 0.122 V                              ; 0.021 V                              ; 4.5e-010 s                  ; 4.45e-010 s                 ; Yes                        ; Yes                        ; 2.32 V                      ; 1.08e-006 V                 ; 2.36 V             ; -0.0106 V          ; 0.122 V                             ; 0.021 V                             ; 4.5e-010 s                 ; 4.45e-010 s                ; Yes                       ; Yes                       ;
; led2_dp       ; 2.5 V        ; 0 s                 ; 0 s                 ; 2.32 V                       ; 1.08e-006 V                  ; 2.36 V              ; -0.0106 V           ; 0.122 V                              ; 0.021 V                              ; 4.5e-010 s                  ; 4.45e-010 s                 ; Yes                        ; Yes                        ; 2.32 V                      ; 1.08e-006 V                 ; 2.36 V             ; -0.0106 V          ; 0.122 V                             ; 0.021 V                             ; 4.5e-010 s                 ; 4.45e-010 s                ; Yes                       ; Yes                       ;
; led3[0]       ; 2.5 V        ; 0 s                 ; 0 s                 ; 2.32 V                       ; 1.08e-006 V                  ; 2.36 V              ; -0.0106 V           ; 0.122 V                              ; 0.021 V                              ; 4.5e-010 s                  ; 4.45e-010 s                 ; Yes                        ; Yes                        ; 2.32 V                      ; 1.08e-006 V                 ; 2.36 V             ; -0.0106 V          ; 0.122 V                             ; 0.021 V                             ; 4.5e-010 s                 ; 4.45e-010 s                ; Yes                       ; Yes                       ;
; led3[1]       ; 2.5 V        ; 0 s                 ; 0 s                 ; 2.32 V                       ; 1.08e-006 V                  ; 2.36 V              ; -0.0106 V           ; 0.122 V                              ; 0.021 V                              ; 4.5e-010 s                  ; 4.45e-010 s                 ; Yes                        ; Yes                        ; 2.32 V                      ; 1.08e-006 V                 ; 2.36 V             ; -0.0106 V          ; 0.122 V                             ; 0.021 V                             ; 4.5e-010 s                 ; 4.45e-010 s                ; Yes                       ; Yes                       ;
; led3[2]       ; 2.5 V        ; 0 s                 ; 0 s                 ; 2.32 V                       ; 1.08e-006 V                  ; 2.36 V              ; -0.0106 V           ; 0.122 V                              ; 0.021 V                              ; 4.5e-010 s                  ; 4.45e-010 s                 ; Yes                        ; Yes                        ; 2.32 V                      ; 1.08e-006 V                 ; 2.36 V             ; -0.0106 V          ; 0.122 V                             ; 0.021 V                             ; 4.5e-010 s                 ; 4.45e-010 s                ; Yes                       ; Yes                       ;
; led3[3]       ; 2.5 V        ; 0 s                 ; 0 s                 ; 2.32 V                       ; 1.08e-006 V                  ; 2.36 V              ; -0.0106 V           ; 0.122 V                              ; 0.021 V                              ; 4.5e-010 s                  ; 4.45e-010 s                 ; Yes                        ; Yes                        ; 2.32 V                      ; 1.08e-006 V                 ; 2.36 V             ; -0.0106 V          ; 0.122 V                             ; 0.021 V                             ; 4.5e-010 s                 ; 4.45e-010 s                ; Yes                       ; Yes                       ;
; led3[4]       ; 2.5 V        ; 0 s                 ; 0 s                 ; 2.32 V                       ; 1.08e-006 V                  ; 2.36 V              ; -0.0106 V           ; 0.122 V                              ; 0.021 V                              ; 4.5e-010 s                  ; 4.45e-010 s                 ; Yes                        ; Yes                        ; 2.32 V                      ; 1.08e-006 V                 ; 2.36 V             ; -0.0106 V          ; 0.122 V                             ; 0.021 V                             ; 4.5e-010 s                 ; 4.45e-010 s                ; Yes                       ; Yes                       ;
; led3[5]       ; 2.5 V        ; 0 s                 ; 0 s                 ; 2.32 V                       ; 1.08e-006 V                  ; 2.36 V              ; -0.0106 V           ; 0.122 V                              ; 0.021 V                              ; 4.5e-010 s                  ; 4.45e-010 s                 ; Yes                        ; Yes                        ; 2.32 V                      ; 1.08e-006 V                 ; 2.36 V             ; -0.0106 V          ; 0.122 V                             ; 0.021 V                             ; 4.5e-010 s                 ; 4.45e-010 s                ; Yes                       ; Yes                       ;
; led3[6]       ; 2.5 V        ; 0 s                 ; 0 s                 ; 2.32 V                       ; 1.08e-006 V                  ; 2.36 V              ; -0.0106 V           ; 0.122 V                              ; 0.021 V                              ; 4.5e-010 s                  ; 4.45e-010 s                 ; Yes                        ; Yes                        ; 2.32 V                      ; 1.08e-006 V                 ; 2.36 V             ; -0.0106 V          ; 0.122 V                             ; 0.021 V                             ; 4.5e-010 s                 ; 4.45e-010 s                ; Yes                       ; Yes                       ;
; led3_dp       ; 2.5 V        ; 0 s                 ; 0 s                 ; 2.32 V                       ; 1.08e-006 V                  ; 2.36 V              ; -0.0106 V           ; 0.122 V                              ; 0.021 V                              ; 4.5e-010 s                  ; 4.45e-010 s                 ; Yes                        ; Yes                        ; 2.32 V                      ; 1.08e-006 V                 ; 2.36 V             ; -0.0106 V          ; 0.122 V                             ; 0.021 V                             ; 4.5e-010 s                 ; 4.45e-010 s                ; Yes                       ; Yes                       ;
; ~ALTERA_DCLK~ ; 2.5 V        ; 0 s                 ; 0 s                 ; 2.32 V                       ; 5.68e-007 V                  ; 2.35 V              ; -0.0132 V           ; 0.2 V                                ; 0.027 V                              ; 5.26e-010 s                 ; 4.81e-010 s                 ; Yes                        ; Yes                        ; 2.32 V                      ; 5.68e-007 V                 ; 2.35 V             ; -0.0132 V          ; 0.2 V                               ; 0.027 V                             ; 5.26e-010 s                ; 4.81e-010 s                ; Yes                       ; Yes                       ;
; ~ALTERA_nCEO~ ; 2.5 V        ; 0 s                 ; 0 s                 ; 2.32 V                       ; 9.36e-007 V                  ; 2.35 V              ; -0.00447 V          ; 0.18 V                               ; 0.019 V                              ; 7.23e-010 s                 ; 9.82e-010 s                 ; Yes                        ; Yes                        ; 2.32 V                      ; 9.36e-007 V                 ; 2.35 V             ; -0.00447 V         ; 0.18 V                              ; 0.019 V                             ; 7.23e-010 s                ; 9.82e-010 s                ; Yes                       ; Yes                       ;
+---------------+--------------+---------------------+---------------------+------------------------------+------------------------------+---------------------+---------------------+--------------------------------------+--------------------------------------+-----------------------------+-----------------------------+----------------------------+----------------------------+-----------------------------+-----------------------------+--------------------+--------------------+-------------------------------------+-------------------------------------+----------------------------+----------------------------+---------------------------+---------------------------+


+--------------------------------------------------------------------------------------------------------------------------------------------------------------------------------------------------------------------------------------------------------------------------------------------------------------------------------------------------------------------------------------------------------------------------------------------------------------------------------------------------------------------------------------------------------------------------------------------------------------------------------------------------------------------------------------------+
; Fast Corner Signal Integrity Metrics                                                                                                                                                                                                                                                                                                                                                                                                                                                                                                                                                                                                                                                       ;
+---------------+--------------+---------------------+---------------------+------------------------------+------------------------------+---------------------+---------------------+--------------------------------------+--------------------------------------+-----------------------------+-----------------------------+----------------------------+----------------------------+-----------------------------+-----------------------------+--------------------+--------------------+-------------------------------------+-------------------------------------+----------------------------+----------------------------+---------------------------+---------------------------+
; Pin           ; I/O Standard ; Board Delay on Rise ; Board Delay on Fall ; Steady State Voh at FPGA Pin ; Steady State Vol at FPGA Pin ; Voh Max at FPGA Pin ; Vol Min at FPGA Pin ; Ringback Voltage on Rise at FPGA Pin ; Ringback Voltage on Fall at FPGA Pin ; 10-90 Rise Time at FPGA Pin ; 90-10 Fall Time at FPGA Pin ; Monotonic Rise at FPGA Pin ; Monotonic Fall at FPGA Pin ; Steady State Voh at Far-end ; Steady State Vol at Far-end ; Voh Max at Far-end ; Vol Min at Far-end ; Ringback Voltage on Rise at Far-end ; Ringback Voltage on Fall at Far-end ; 10-90 Rise Time at Far-end ; 90-10 Fall Time at Far-end ; Monotonic Rise at Far-end ; Monotonic Fall at Far-end ;
+---------------+--------------+---------------------+---------------------+------------------------------+------------------------------+---------------------+---------------------+--------------------------------------+--------------------------------------+-----------------------------+-----------------------------+----------------------------+----------------------------+-----------------------------+-----------------------------+--------------------+--------------------+-------------------------------------+-------------------------------------+----------------------------+----------------------------+---------------------------+---------------------------+
; led0[0]       ; 2.5 V        ; 0 s                 ; 0 s                 ; 2.62 V                       ; 4.11e-008 V                  ; 2.73 V              ; -0.0569 V           ; 0.191 V                              ; 0.121 V                              ; 2.69e-010 s                 ; 2.76e-010 s                 ; Yes                        ; Yes                        ; 2.62 V                      ; 4.11e-008 V                 ; 2.73 V             ; -0.0569 V          ; 0.191 V                             ; 0.121 V                             ; 2.69e-010 s                ; 2.76e-010 s                ; Yes                       ; Yes                       ;
; led0[1]       ; 2.5 V        ; 0 s                 ; 0 s                 ; 2.62 V                       ; 4.11e-008 V                  ; 2.73 V              ; -0.0569 V           ; 0.191 V                              ; 0.121 V                              ; 2.69e-010 s                 ; 2.76e-010 s                 ; Yes                        ; Yes                        ; 2.62 V                      ; 4.11e-008 V                 ; 2.73 V             ; -0.0569 V          ; 0.191 V                             ; 0.121 V                             ; 2.69e-010 s                ; 2.76e-010 s                ; Yes                       ; Yes                       ;
; led0[2]       ; 2.5 V        ; 0 s                 ; 0 s                 ; 2.62 V                       ; 4.11e-008 V                  ; 2.73 V              ; -0.0569 V           ; 0.191 V                              ; 0.121 V                              ; 2.69e-010 s                 ; 2.76e-010 s                 ; Yes                        ; Yes                        ; 2.62 V                      ; 4.11e-008 V                 ; 2.73 V             ; -0.0569 V          ; 0.191 V                             ; 0.121 V                             ; 2.69e-010 s                ; 2.76e-010 s                ; Yes                       ; Yes                       ;
; led0[3]       ; 2.5 V        ; 0 s                 ; 0 s                 ; 2.62 V                       ; 4.11e-008 V                  ; 2.73 V              ; -0.0569 V           ; 0.191 V                              ; 0.121 V                              ; 2.69e-010 s                 ; 2.76e-010 s                 ; Yes                        ; Yes                        ; 2.62 V                      ; 4.11e-008 V                 ; 2.73 V             ; -0.0569 V          ; 0.191 V                             ; 0.121 V                             ; 2.69e-010 s                ; 2.76e-010 s                ; Yes                       ; Yes                       ;
; led0[4]       ; 2.5 V        ; 0 s                 ; 0 s                 ; 2.62 V                       ; 4.11e-008 V                  ; 2.73 V              ; -0.0569 V           ; 0.191 V                              ; 0.121 V                              ; 2.69e-010 s                 ; 2.76e-010 s                 ; Yes                        ; Yes                        ; 2.62 V                      ; 4.11e-008 V                 ; 2.73 V             ; -0.0569 V          ; 0.191 V                             ; 0.121 V                             ; 2.69e-010 s                ; 2.76e-010 s                ; Yes                       ; Yes                       ;
; led0[5]       ; 2.5 V        ; 0 s                 ; 0 s                 ; 2.62 V                       ; 4.11e-008 V                  ; 2.73 V              ; -0.0569 V           ; 0.191 V                              ; 0.121 V                              ; 2.69e-010 s                 ; 2.76e-010 s                 ; Yes                        ; Yes                        ; 2.62 V                      ; 4.11e-008 V                 ; 2.73 V             ; -0.0569 V          ; 0.191 V                             ; 0.121 V                             ; 2.69e-010 s                ; 2.76e-010 s                ; Yes                       ; Yes                       ;
; led0[6]       ; 2.5 V        ; 0 s                 ; 0 s                 ; 2.62 V                       ; 4.11e-008 V                  ; 2.73 V              ; -0.0569 V           ; 0.191 V                              ; 0.121 V                              ; 2.69e-010 s                 ; 2.76e-010 s                 ; Yes                        ; Yes                        ; 2.62 V                      ; 4.11e-008 V                 ; 2.73 V             ; -0.0569 V          ; 0.191 V                             ; 0.121 V                             ; 2.69e-010 s                ; 2.76e-010 s                ; Yes                       ; Yes                       ;
; led0_dp       ; 2.5 V        ; 0 s                 ; 0 s                 ; 2.62 V                       ; 4.11e-008 V                  ; 2.73 V              ; -0.0569 V           ; 0.191 V                              ; 0.121 V                              ; 2.69e-010 s                 ; 2.76e-010 s                 ; Yes                        ; Yes                        ; 2.62 V                      ; 4.11e-008 V                 ; 2.73 V             ; -0.0569 V          ; 0.191 V                             ; 0.121 V                             ; 2.69e-010 s                ; 2.76e-010 s                ; Yes                       ; Yes                       ;
; led1[0]       ; 2.5 V        ; 0 s                 ; 0 s                 ; 2.62 V                       ; 4.11e-008 V                  ; 2.73 V              ; -0.0569 V           ; 0.191 V                              ; 0.121 V                              ; 2.69e-010 s                 ; 2.76e-010 s                 ; Yes                        ; Yes                        ; 2.62 V                      ; 4.11e-008 V                 ; 2.73 V             ; -0.0569 V          ; 0.191 V                             ; 0.121 V                             ; 2.69e-010 s                ; 2.76e-010 s                ; Yes                       ; Yes                       ;
; led1[1]       ; 2.5 V        ; 0 s                 ; 0 s                 ; 2.62 V                       ; 4.11e-008 V                  ; 2.73 V              ; -0.0569 V           ; 0.191 V                              ; 0.121 V                              ; 2.69e-010 s                 ; 2.76e-010 s                 ; Yes                        ; Yes                        ; 2.62 V                      ; 4.11e-008 V                 ; 2.73 V             ; -0.0569 V          ; 0.191 V                             ; 0.121 V                             ; 2.69e-010 s                ; 2.76e-010 s                ; Yes                       ; Yes                       ;
; led1[2]       ; 2.5 V        ; 0 s                 ; 0 s                 ; 2.62 V                       ; 4.11e-008 V                  ; 2.73 V              ; -0.0569 V           ; 0.191 V                              ; 0.121 V                              ; 2.69e-010 s                 ; 2.76e-010 s                 ; Yes                        ; Yes                        ; 2.62 V                      ; 4.11e-008 V                 ; 2.73 V             ; -0.0569 V          ; 0.191 V                             ; 0.121 V                             ; 2.69e-010 s                ; 2.76e-010 s                ; Yes                       ; Yes                       ;
; led1[3]       ; 2.5 V        ; 0 s                 ; 0 s                 ; 2.62 V                       ; 4.11e-008 V                  ; 2.73 V              ; -0.0569 V           ; 0.191 V                              ; 0.121 V                              ; 2.69e-010 s                 ; 2.76e-010 s                 ; Yes                        ; Yes                        ; 2.62 V                      ; 4.11e-008 V                 ; 2.73 V             ; -0.0569 V          ; 0.191 V                             ; 0.121 V                             ; 2.69e-010 s                ; 2.76e-010 s                ; Yes                       ; Yes                       ;
; led1[4]       ; 2.5 V        ; 0 s                 ; 0 s                 ; 2.62 V                       ; 4.11e-008 V                  ; 2.73 V              ; -0.0569 V           ; 0.191 V                              ; 0.121 V                              ; 2.69e-010 s                 ; 2.76e-010 s                 ; Yes                        ; Yes                        ; 2.62 V                      ; 4.11e-008 V                 ; 2.73 V             ; -0.0569 V          ; 0.191 V                             ; 0.121 V                             ; 2.69e-010 s                ; 2.76e-010 s                ; Yes                       ; Yes                       ;
; led1[5]       ; 2.5 V        ; 0 s                 ; 0 s                 ; 2.62 V                       ; 4.11e-008 V                  ; 2.73 V              ; -0.0569 V           ; 0.191 V                              ; 0.121 V                              ; 2.69e-010 s                 ; 2.76e-010 s                 ; Yes                        ; Yes                        ; 2.62 V                      ; 4.11e-008 V                 ; 2.73 V             ; -0.0569 V          ; 0.191 V                             ; 0.121 V                             ; 2.69e-010 s                ; 2.76e-010 s                ; Yes                       ; Yes                       ;
; led1[6]       ; 2.5 V        ; 0 s                 ; 0 s                 ; 2.62 V                       ; 4.11e-008 V                  ; 2.73 V              ; -0.0569 V           ; 0.191 V                              ; 0.121 V                              ; 2.69e-010 s                 ; 2.76e-010 s                 ; Yes                        ; Yes                        ; 2.62 V                      ; 4.11e-008 V                 ; 2.73 V             ; -0.0569 V          ; 0.191 V                             ; 0.121 V                             ; 2.69e-010 s                ; 2.76e-010 s                ; Yes                       ; Yes                       ;
; led1_dp       ; 2.5 V        ; 0 s                 ; 0 s                 ; 2.62 V                       ; 4.11e-008 V                  ; 2.73 V              ; -0.0569 V           ; 0.191 V                              ; 0.121 V                              ; 2.69e-010 s                 ; 2.76e-010 s                 ; Yes                        ; Yes                        ; 2.62 V                      ; 4.11e-008 V                 ; 2.73 V             ; -0.0569 V          ; 0.191 V                             ; 0.121 V                             ; 2.69e-010 s                ; 2.76e-010 s                ; Yes                       ; Yes                       ;
; led2[0]       ; 2.5 V        ; 0 s                 ; 0 s                 ; 2.62 V                       ; 4.11e-008 V                  ; 2.73 V              ; -0.0569 V           ; 0.191 V                              ; 0.121 V                              ; 2.69e-010 s                 ; 2.76e-010 s                 ; Yes                        ; Yes                        ; 2.62 V                      ; 4.11e-008 V                 ; 2.73 V             ; -0.0569 V          ; 0.191 V                             ; 0.121 V                             ; 2.69e-010 s                ; 2.76e-010 s                ; Yes                       ; Yes                       ;
; led2[1]       ; 2.5 V        ; 0 s                 ; 0 s                 ; 2.62 V                       ; 4.11e-008 V                  ; 2.73 V              ; -0.0569 V           ; 0.191 V                              ; 0.121 V                              ; 2.69e-010 s                 ; 2.76e-010 s                 ; Yes                        ; Yes                        ; 2.62 V                      ; 4.11e-008 V                 ; 2.73 V             ; -0.0569 V          ; 0.191 V                             ; 0.121 V                             ; 2.69e-010 s                ; 2.76e-010 s                ; Yes                       ; Yes                       ;
; led2[2]       ; 2.5 V        ; 0 s                 ; 0 s                 ; 2.62 V                       ; 4.11e-008 V                  ; 2.73 V              ; -0.0569 V           ; 0.191 V                              ; 0.121 V                              ; 2.69e-010 s                 ; 2.76e-010 s                 ; Yes                        ; Yes                        ; 2.62 V                      ; 4.11e-008 V                 ; 2.73 V             ; -0.0569 V          ; 0.191 V                             ; 0.121 V                             ; 2.69e-010 s                ; 2.76e-010 s                ; Yes                       ; Yes                       ;
; led2[3]       ; 2.5 V        ; 0 s                 ; 0 s                 ; 2.62 V                       ; 4.11e-008 V                  ; 2.73 V              ; -0.0569 V           ; 0.191 V                              ; 0.121 V                              ; 2.69e-010 s                 ; 2.76e-010 s                 ; Yes                        ; Yes                        ; 2.62 V                      ; 4.11e-008 V                 ; 2.73 V             ; -0.0569 V          ; 0.191 V                             ; 0.121 V                             ; 2.69e-010 s                ; 2.76e-010 s                ; Yes                       ; Yes                       ;
; led2[4]       ; 2.5 V        ; 0 s                 ; 0 s                 ; 2.62 V                       ; 4.11e-008 V                  ; 2.73 V              ; -0.0569 V           ; 0.191 V                              ; 0.121 V                              ; 2.69e-010 s                 ; 2.76e-010 s                 ; Yes                        ; Yes                        ; 2.62 V                      ; 4.11e-008 V                 ; 2.73 V             ; -0.0569 V          ; 0.191 V                             ; 0.121 V                             ; 2.69e-010 s                ; 2.76e-010 s                ; Yes                       ; Yes                       ;
; led2[5]       ; 2.5 V        ; 0 s                 ; 0 s                 ; 2.62 V                       ; 4.11e-008 V                  ; 2.73 V              ; -0.0569 V           ; 0.191 V                              ; 0.121 V                              ; 2.69e-010 s                 ; 2.76e-010 s                 ; Yes                        ; Yes                        ; 2.62 V                      ; 4.11e-008 V                 ; 2.73 V             ; -0.0569 V          ; 0.191 V                             ; 0.121 V                             ; 2.69e-010 s                ; 2.76e-010 s                ; Yes                       ; Yes                       ;
; led2[6]       ; 2.5 V        ; 0 s                 ; 0 s                 ; 2.62 V                       ; 4.11e-008 V                  ; 2.73 V              ; -0.0569 V           ; 0.191 V                              ; 0.121 V                              ; 2.69e-010 s                 ; 2.76e-010 s                 ; Yes                        ; Yes                        ; 2.62 V                      ; 4.11e-008 V                 ; 2.73 V             ; -0.0569 V          ; 0.191 V                             ; 0.121 V                             ; 2.69e-010 s                ; 2.76e-010 s                ; Yes                       ; Yes                       ;
; led2_dp       ; 2.5 V        ; 0 s                 ; 0 s                 ; 2.62 V                       ; 4.11e-008 V                  ; 2.73 V              ; -0.0569 V           ; 0.191 V                              ; 0.121 V                              ; 2.69e-010 s                 ; 2.76e-010 s                 ; Yes                        ; Yes                        ; 2.62 V                      ; 4.11e-008 V                 ; 2.73 V             ; -0.0569 V          ; 0.191 V                             ; 0.121 V                             ; 2.69e-010 s                ; 2.76e-010 s                ; Yes                       ; Yes                       ;
; led3[0]       ; 2.5 V        ; 0 s                 ; 0 s                 ; 2.62 V                       ; 4.11e-008 V                  ; 2.73 V              ; -0.0569 V           ; 0.191 V                              ; 0.121 V                              ; 2.69e-010 s                 ; 2.76e-010 s                 ; Yes                        ; Yes                        ; 2.62 V                      ; 4.11e-008 V                 ; 2.73 V             ; -0.0569 V          ; 0.191 V                             ; 0.121 V                             ; 2.69e-010 s                ; 2.76e-010 s                ; Yes                       ; Yes                       ;
; led3[1]       ; 2.5 V        ; 0 s                 ; 0 s                 ; 2.62 V                       ; 4.11e-008 V                  ; 2.73 V              ; -0.0569 V           ; 0.191 V                              ; 0.121 V                              ; 2.69e-010 s                 ; 2.76e-010 s                 ; Yes                        ; Yes                        ; 2.62 V                      ; 4.11e-008 V                 ; 2.73 V             ; -0.0569 V          ; 0.191 V                             ; 0.121 V                             ; 2.69e-010 s                ; 2.76e-010 s                ; Yes                       ; Yes                       ;
; led3[2]       ; 2.5 V        ; 0 s                 ; 0 s                 ; 2.62 V                       ; 4.11e-008 V                  ; 2.73 V              ; -0.0569 V           ; 0.191 V                              ; 0.121 V                              ; 2.69e-010 s                 ; 2.76e-010 s                 ; Yes                        ; Yes                        ; 2.62 V                      ; 4.11e-008 V                 ; 2.73 V             ; -0.0569 V          ; 0.191 V                             ; 0.121 V                             ; 2.69e-010 s                ; 2.76e-010 s                ; Yes                       ; Yes                       ;
; led3[3]       ; 2.5 V        ; 0 s                 ; 0 s                 ; 2.62 V                       ; 4.11e-008 V                  ; 2.73 V              ; -0.0569 V           ; 0.191 V                              ; 0.121 V                              ; 2.69e-010 s                 ; 2.76e-010 s                 ; Yes                        ; Yes                        ; 2.62 V                      ; 4.11e-008 V                 ; 2.73 V             ; -0.0569 V          ; 0.191 V                             ; 0.121 V                             ; 2.69e-010 s                ; 2.76e-010 s                ; Yes                       ; Yes                       ;
; led3[4]       ; 2.5 V        ; 0 s                 ; 0 s                 ; 2.62 V                       ; 4.11e-008 V                  ; 2.73 V              ; -0.0569 V           ; 0.191 V                              ; 0.121 V                              ; 2.69e-010 s                 ; 2.76e-010 s                 ; Yes                        ; Yes                        ; 2.62 V                      ; 4.11e-008 V                 ; 2.73 V             ; -0.0569 V          ; 0.191 V                             ; 0.121 V                             ; 2.69e-010 s                ; 2.76e-010 s                ; Yes                       ; Yes                       ;
; led3[5]       ; 2.5 V        ; 0 s                 ; 0 s                 ; 2.62 V                       ; 4.11e-008 V                  ; 2.73 V              ; -0.0569 V           ; 0.191 V                              ; 0.121 V                              ; 2.69e-010 s                 ; 2.76e-010 s                 ; Yes                        ; Yes                        ; 2.62 V                      ; 4.11e-008 V                 ; 2.73 V             ; -0.0569 V          ; 0.191 V                             ; 0.121 V                             ; 2.69e-010 s                ; 2.76e-010 s                ; Yes                       ; Yes                       ;
; led3[6]       ; 2.5 V        ; 0 s                 ; 0 s                 ; 2.62 V                       ; 4.11e-008 V                  ; 2.73 V              ; -0.0569 V           ; 0.191 V                              ; 0.121 V                              ; 2.69e-010 s                 ; 2.76e-010 s                 ; Yes                        ; Yes                        ; 2.62 V                      ; 4.11e-008 V                 ; 2.73 V             ; -0.0569 V          ; 0.191 V                             ; 0.121 V                             ; 2.69e-010 s                ; 2.76e-010 s                ; Yes                       ; Yes                       ;
; led3_dp       ; 2.5 V        ; 0 s                 ; 0 s                 ; 2.62 V                       ; 4.11e-008 V                  ; 2.73 V              ; -0.0569 V           ; 0.191 V                              ; 0.121 V                              ; 2.69e-010 s                 ; 2.76e-010 s                 ; Yes                        ; Yes                        ; 2.62 V                      ; 4.11e-008 V                 ; 2.73 V             ; -0.0569 V          ; 0.191 V                             ; 0.121 V                             ; 2.69e-010 s                ; 2.76e-010 s                ; Yes                       ; Yes                       ;
; ~ALTERA_DCLK~ ; 2.5 V        ; 0 s                 ; 0 s                 ; 2.62 V                       ; 2.19e-008 V                  ; 2.72 V              ; -0.0747 V           ; 0.28 V                               ; 0.169 V                              ; 3.1e-010 s                  ; 3.01e-010 s                 ; No                         ; Yes                        ; 2.62 V                      ; 2.19e-008 V                 ; 2.72 V             ; -0.0747 V          ; 0.28 V                              ; 0.169 V                             ; 3.1e-010 s                 ; 3.01e-010 s                ; No                        ; Yes                       ;
; ~ALTERA_nCEO~ ; 2.5 V        ; 0 s                 ; 0 s                 ; 2.62 V                       ; 3.53e-008 V                  ; 2.7 V               ; -0.0208 V           ; 0.204 V                              ; 0.049 V                              ; 4.85e-010 s                 ; 6.71e-010 s                 ; No                         ; Yes                        ; 2.62 V                      ; 3.53e-008 V                 ; 2.7 V              ; -0.0208 V          ; 0.204 V                             ; 0.049 V                             ; 4.85e-010 s                ; 6.71e-010 s                ; No                        ; Yes                       ;
+---------------+--------------+---------------------+---------------------+------------------------------+------------------------------+---------------------+---------------------+--------------------------------------+--------------------------------------+-----------------------------+-----------------------------+----------------------------+----------------------------+-----------------------------+-----------------------------+--------------------+--------------------+-------------------------------------+-------------------------------------+----------------------------+----------------------------+---------------------------+---------------------------+


-------------------
; Clock Transfers ;
-------------------
Nothing to report.


---------------
; Report TCCS ;
---------------
No dedicated SERDES Transmitter circuitry present in device or used in design


---------------
; Report RSKM ;
---------------
No dedicated SERDES Receiver circuitry present in device or used in design


+------------------------------------------------+
; Unconstrained Paths                            ;
+---------------------------------+-------+------+
; Property                        ; Setup ; Hold ;
+---------------------------------+-------+------+
; Illegal Clocks                  ; 0     ; 0    ;
; Unconstrained Clocks            ; 0     ; 0    ;
; Unconstrained Input Ports       ; 0     ; 0    ;
; Unconstrained Input Port Paths  ; 0     ; 0    ;
; Unconstrained Output Ports      ; 0     ; 0    ;
; Unconstrained Output Port Paths ; 0     ; 0    ;
+---------------------------------+-------+------+


+------------------------------------+
; TimeQuest Timing Analyzer Messages ;
+------------------------------------+
Info: *******************************************************************
Info: Running Quartus II TimeQuest Timing Analyzer
    Info: Version 9.1 Build 222 10/21/2009 SJ Web Edition
    Info: Processing started: Wed Apr 15 12:57:20 2015
Info: Command: quartus_sta small8 -c small8
Info: qsta_default_script.tcl version: #2
Warning: Ignored assignments for entity "Lab3" -- entity does not exist in design
    Warning: Assignment for entity set_global_assignment -name LL_ROOT_REGION ON -entity Lab3 -section_id "Root Region" was ignored
    Warning: Assignment for entity set_global_assignment -name LL_MEMBER_STATE LOCKED -entity Lab3 -section_id "Root Region" was ignored
Warning: Ignored assignments for entity "adder_top" -- entity does not exist in design
    Warning: Assignment for entity set_global_assignment -name LL_ROOT_REGION ON -entity adder_top -section_id "Root Region" was ignored
    Warning: Assignment for entity set_global_assignment -name LL_MEMBER_STATE LOCKED -entity adder_top -section_id "Root Region" was ignored
    Warning: Assignment for entity set_instance_assignment -name PARTITION_HIERARCHY root_partition -to | -entity adder_top -section_id Top was ignored
    Warning: Assignment for entity set_global_assignment -name PARTITION_NETLIST_TYPE SOURCE -entity adder_top -section_id Top was ignored
    Warning: Assignment for entity set_global_assignment -name PARTITION_COLOR 16764057 -entity adder_top -section_id Top was ignored
    Warning: Assignment for entity set_global_assignment -name PARTITION_IMPORT_ASSIGNMENTS ON -entity adder_top -section_id Top was ignored
    Warning: Assignment for entity set_global_assignment -name PARTITION_IMPORT_EXISTING_ASSIGNMENTS REPLACE_CONFLICTING -entity adder_top -section_id Top was ignored
    Warning: Assignment for entity set_global_assignment -name PARTITION_IMPORT_EXISTING_LOGICLOCK_REGIONS REPLACE_CONFLICTING -entity adder_top -section_id Top was ignored
    Warning: Assignment for entity set_global_assignment -name PARTITION_IMPORT_PIN_ASSIGNMENTS ON -entity adder_top -section_id Top was ignored
    Warning: Assignment for entity set_global_assignment -name PARTITION_IMPORT_PROMOTE_ASSIGNMENTS ON -entity adder_top -section_id Top was ignored
    Warning: Assignment for entity set_global_assignment -name PARTITION_TYPE STANDARD_PARTITION -entity adder_top -section_id Top was ignored
Warning: Ignored assignments for entity "alu_ns" -- entity does not exist in design
    Warning: Assignment for entity set_global_assignment -name LL_ROOT_REGION ON -entity alu_ns -section_id "Root Region" was ignored
    Warning: Assignment for entity set_global_assignment -name LL_MEMBER_STATE LOCKED -entity alu_ns -section_id "Root Region" was ignored
    Warning: Assignment for entity set_instance_assignment -name PARTITION_HIERARCHY root_partition -to | -entity alu_ns -section_id Top was ignored
    Warning: Assignment for entity set_global_assignment -name PARTITION_NETLIST_TYPE SOURCE -entity alu_ns -section_id Top was ignored
    Warning: Assignment for entity set_global_assignment -name PARTITION_COLOR 16764057 -entity alu_ns -section_id Top was ignored
    Warning: Assignment for entity set_global_assignment -name PARTITION_IMPORT_ASSIGNMENTS ON -entity alu_ns -section_id Top was ignored
    Warning: Assignment for entity set_global_assignment -name PARTITION_IMPORT_EXISTING_ASSIGNMENTS REPLACE_CONFLICTING -entity alu_ns -section_id Top was ignored
    Warning: Assignment for entity set_global_assignment -name PARTITION_IMPORT_EXISTING_LOGICLOCK_REGIONS REPLACE_CONFLICTING -entity alu_ns -section_id Top was ignored
    Warning: Assignment for entity set_global_assignment -name PARTITION_IMPORT_PIN_ASSIGNMENTS ON -entity alu_ns -section_id Top was ignored
    Warning: Assignment for entity set_global_assignment -name PARTITION_IMPORT_PROMOTE_ASSIGNMENTS ON -entity alu_ns -section_id Top was ignored
    Warning: Assignment for entity set_global_assignment -name PARTITION_TYPE STANDARD_PARTITION -entity alu_ns -section_id Top was ignored
Warning: Ignored assignments for entity "small8" -- entity does not exist in design
    Warning: Assignment for entity set_global_assignment -name LL_ROOT_REGION ON -entity small8 -section_id "Root Region" was ignored
    Warning: Assignment for entity set_global_assignment -name LL_MEMBER_STATE LOCKED -entity small8 -section_id "Root Region" was ignored
Info: Core supply voltage is 1.2V
Info: Low junction temperature is 0 degrees C
Info: High junction temperature is 85 degrees C
Critical Warning: Synopsys Design Constraints File file not found: 'small8.sdc'. A Synopsys Design Constraints File is required by the TimeQuest Timing Analyzer to get proper timing constraints. Without it, the Compiler will not properly optimize the design.
Info: No user constrained base clocks found in the design. Calling "derive_clocks -period 1.0"
Info: The command derive_clocks did not find any clocks to derive.  No clocks were created or changed.
Warning: No clocks defined in design.
Info: No user constrained clock uncertainty found in the design. Calling "derive_clock_uncertainty"
Info: The derive_clock_uncertainty command did not apply clock uncertainty to any clock-to-clock transfers.
Info: No clocks to report
Info: Analyzing Slow 1200mV 85C Model
Info: No fmax paths to report
Info: No Setup paths to report
Info: No Hold paths to report
Info: No Recovery paths to report
Info: No Removal paths to report
Info: No Minimum Pulse Width paths to report
Info: Analyzing Slow 1200mV 0C Model
Info: Started post-fitting delay annotation
Info: Delay annotation completed successfully
Info: No user constrained base clocks found in the design. Calling "derive_clocks -period 1.0"
Info: The command derive_clocks did not find any clocks to derive.  No clocks were created or changed.
Warning: No clocks defined in design.
Info: The derive_clock_uncertainty command did not apply clock uncertainty to any clock-to-clock transfers.
Info: No fmax paths to report
Info: No Setup paths to report
Info: No Hold paths to report
Info: No Recovery paths to report
Info: No Removal paths to report
Info: No Minimum Pulse Width paths to report
Info: Analyzing Fast 1200mV 0C Model
Info: Started post-fitting delay annotation
Info: Delay annotation completed successfully
Info: No user constrained base clocks found in the design. Calling "derive_clocks -period 1.0"
Info: The command derive_clocks did not find any clocks to derive.  No clocks were created or changed.
Warning: No clocks defined in design.
Info: The derive_clock_uncertainty command did not apply clock uncertainty to any clock-to-clock transfers.
Info: No Setup paths to report
Info: No Hold paths to report
Info: No Recovery paths to report
Info: No Removal paths to report
Info: No Minimum Pulse Width paths to report
Info: Design is fully constrained for setup requirements
Info: Design is fully constrained for hold requirements
Info: Quartus II TimeQuest Timing Analyzer was successful. 0 errors, 34 warnings
    Info: Peak virtual memory: 218 megabytes
    Info: Processing ended: Wed Apr 15 12:57:29 2015
    Info: Elapsed time: 00:00:09
    Info: Total CPU time (on all processors): 00:00:05


